2020-10-18 00:06:30,901:INFO:Rooms_Booking_API_main:Initializing the Rooms Booking API app Main engine...
2020-10-18 00:07:30,159:INFO:Rooms_Booking_API_main:Initializing the Rooms Booking API app Main engine...
2020-10-18 00:08:36,502:INFO:Rooms_Booking_API_main:Initializing the Rooms Booking API app Main engine...
2020-10-18 00:08:45,987:INFO:Rooms_Booking_API_main:Calling home endpoint url by AnonymousUser
2020-10-18 00:09:51,541:INFO:Rooms_Booking_API_main:Calling home endpoint url by AnonymousUser
2020-10-18 00:10:29,459:INFO:Rooms_Booking_API_main:Initializing the Rooms Booking API app Main engine...
2020-10-18 00:10:34,775:INFO:Rooms_Booking_API_main:Initializing the Rooms Booking API app Main engine...
2020-10-18 00:10:37,323:INFO:Rooms_Booking_API_main:Calling home endpoint url by AnonymousUser
2020-10-18 00:12:42,783:INFO:Rooms_Booking_API_main:Calling home endpoint url by AnonymousUser
2020-10-18 00:13:46,538:INFO:Rooms_Booking_API_main:Initializing the Rooms Booking API app Main engine...
2020-10-18 00:13:49,360:INFO:Rooms_Booking_API_main:Initializing the Rooms Booking API app Main engine...
2020-10-18 00:13:53,506:INFO:Rooms_Booking_API_main:Initializing the Rooms Booking API app Main engine...
2020-10-18 00:13:57,675:INFO:Rooms_Booking_API_main:Calling home endpoint url by devuser
2020-10-18 00:14:21,605:INFO:Rooms_Booking_API_main:Initializing the Rooms Booking API app Main engine...
2020-10-18 00:14:56,300:INFO:Rooms_Booking_API_main:Initializing the Rooms Booking API app Main engine...
2020-10-18 00:16:01,034:INFO:Rooms_Booking_API_main:Initializing the Rooms Booking API app Main engine...
2020-10-18 00:16:08,748:INFO:Rooms_Booking_API_main:Initializing the Rooms Booking API app Main engine...
2020-10-18 00:16:18,834:INFO:Rooms_Booking_API_main:Initializing the Rooms Booking API app Main engine...
2020-10-18 00:17:18,573:INFO:Rooms_Booking_API_main:Initializing the Rooms Booking API app Main engine...
2020-10-18 00:17:23,919:INFO:Rooms_Booking_API_main:Initializing the Rooms Booking API app Main engine...
2020-10-18 00:18:39,106:INFO:Rooms_Booking_API_main:Initializing the Rooms Booking API app Main engine...
2020-10-18 00:18:49,087:INFO:Rooms_Booking_API_main:Initializing the Rooms Booking API app Main engine...
2020-10-18 00:19:20,627:INFO:Rooms_Booking_API_main:Initializing the Rooms Booking API app Main engine...
2020-10-18 00:19:20,627:INFO:Rooms_Booking_API_main:Calling rooms list endpoint(GET/POST) url
2020-10-18 00:19:47,879:INFO:Rooms_Booking_API_main:Calling rooms booking endpoint (POST) url by devuser
2020-10-18 00:19:47,881:INFO:Rooms_Booking_API_main:request data : <QueryDict: {'title': ['Meeting for checking-4-23'], 'room': ['4'], 'date': ['23-10-2020'], 'start': ['15:05'], 'end': ['15:15'], 'description': ['Meeting with CFO to discuss Apraisal'], 'members': ['[4,3]']}>
2020-10-18 00:19:47,907:INFO:Rooms_Booking_API_main:booked_rooms data : <QuerySet []>
2020-10-18 00:20:45,745:INFO:Rooms_Booking_API_main:Initializing the Rooms Booking API app Main engine...
2020-10-18 00:20:45,746:INFO:Rooms_Booking_API_main:Calling rooms list endpoint(GET/POST) url
2020-10-18 00:20:57,248:INFO:Rooms_Booking_API_main:Initializing the Rooms Booking API service Main engine...
2020-10-18 00:20:57,249:INFO:Rooms_Booking_API_main:Calling rooms list endpoint(GET/POST) url
2020-10-18 00:23:50,464:INFO:Rooms_Booking_API_main:Initializing the Rooms Booking API service Main engine...
2020-10-18 00:23:50,464:INFO:Rooms_Booking_API_main:Calling rooms list endpoint(GET/POST) url
2020-10-18 00:25:29,857:INFO:Rooms_Booking_API_main:Initializing the Rooms Booking API service Main engine...
2020-10-18 00:25:29,858:INFO:Rooms_Booking_API_main:Calling rooms list endpoint(GET/POST) url
2020-10-18 00:25:47,330:INFO:Rooms_Booking_API_main:Initializing the Rooms Booking API service Main engine...
2020-10-18 00:25:47,330:INFO:Rooms_Booking_API_main:Calling rooms list endpoint(GET/POST) url
2020-10-18 00:26:46,612:INFO:Rooms_Booking_API_main:Initializing the Rooms Booking API service Main engine...
2020-10-18 00:26:46,612:INFO:Rooms_Booking_API_main:Calling rooms list endpoint(GET/POST) url
2020-10-18 00:26:54,857:INFO:Rooms_Booking_API_main:Calling Free rooms check endpoint (GET) url by devuser
2020-10-18 00:26:54,857:INFO:Rooms_Booking_API_main:request data : <QueryDict: {}>
2020-10-18 00:27:55,841:INFO:Rooms_Booking_API_main:Initializing the Rooms Booking API service Main engine...
2020-10-18 00:27:55,841:INFO:Rooms_Booking_API_main:Calling rooms list endpoint(GET/POST) url
2020-10-18 00:28:01,821:INFO:Rooms_Booking_API_main:Initializing the Rooms Booking API service Main engine...
2020-10-18 00:28:01,821:INFO:Rooms_Booking_API_main:Calling rooms list endpoint(GET/POST) url
2020-10-18 00:28:48,080:INFO:Rooms_Booking_API_main:Initializing the Rooms Booking API service Main engine...
2020-10-18 00:28:48,080:INFO:Rooms_Booking_API_main:Calling rooms list endpoint(GET/POST) url
2020-10-18 00:28:52,220:INFO:Rooms_Booking_API_main:Initializing the Rooms Booking API service Main engine...
2020-10-18 00:29:35,523:INFO:Rooms_Booking_API_main:Initializing the Rooms Booking API service Main engine...
2020-10-18 00:29:37,745:INFO:Rooms_Booking_API_main:Calling Free rooms check endpoint (GET) url by devuser
2020-10-18 00:29:37,745:INFO:Rooms_Booking_API_main:request data : <QueryDict: {}>
2020-10-18 00:31:44,687:INFO:Rooms_Booking_API_main:Initializing the Rooms Booking API service Main engine...
2020-10-18 00:32:00,746:INFO:Rooms_Booking_API_main:Initializing the Rooms Booking API service Main engine...
2020-10-18 00:32:09,679:INFO:Rooms_Booking_API_main:Initializing the Rooms Booking API service Main engine...
2020-10-18 00:32:16,150:INFO:Rooms_Booking_API_main:Initializing the Rooms Booking API service Main engine...
2020-10-18 00:32:21,227:INFO:Rooms_Booking_API_main:Calling Free rooms check endpoint (GET) url by devuser
2020-10-18 00:32:21,244:INFO:Rooms_Booking_API_main:booked rooms list on mention datetime [2, 2, 3, 6, 5]
2020-10-18 00:32:21,245:INFO:Rooms_Booking_API_main:All rooms list [1, 2, 3, 4, 5, 6]
2020-10-18 00:32:21,246:INFO:Rooms_Booking_API_main:Free rooms list [1, 4]
2020-10-18 00:33:15,590:INFO:Rooms_Booking_API_main:Initializing the Rooms Booking API service Main engine...
2020-10-18 00:33:54,193:INFO:Rooms_Booking_API_main:Initializing the Rooms Booking API service Main engine...
2020-10-18 00:34:05,509:INFO:Rooms_Booking_API_main:Initializing the Rooms Booking API service Main engine...
2020-10-18 00:34:13,233:INFO:Rooms_Booking_API_main:Initializing the Rooms Booking API service Main engine...
2020-10-18 00:34:18,132:INFO:Rooms_Booking_API_main:Calling Free rooms check endpoint (GET) url by devuser
2020-10-18 00:34:18,147:INFO:Rooms_Booking_API_main:booked rooms list on mention datetime [2, 2, 3, 6, 5]
2020-10-18 00:34:18,148:INFO:Rooms_Booking_API_main:All rooms list [1, 2, 3, 4, 5, 6]
2020-10-18 00:34:18,149:INFO:Rooms_Booking_API_main:Free rooms list [1, 4]
2020-10-18 00:34:18,151:INFO:Rooms_Booking_API_main:free_room_data <QuerySet [{'id': 1, 'name': 'Mercury', 'description': 'The small and hot room,  allocated for an interview, one to one meeting purpose'}, {'id': 4, 'name': 'Jupyter', 'description': 'Very Large size room, allocated for the conference, onsite discussions, team meetings'}]>
2020-10-18 00:34:45,796:INFO:Rooms_Booking_API_main:Calling rooms booking endpoint (POST) url by devuser
2020-10-18 00:34:45,798:INFO:Rooms_Booking_API_main:request data : <QueryDict: {'title': ['Meeting for checking-5-23'], 'room': ['5'], 'date': ['23-10-2020'], 'start': ['15:05'], 'end': ['15:15'], 'description': ['Meeting with CFO to discuss Apraisal'], 'members': ['[4,3]']}>
2020-10-18 00:34:45,801:INFO:Rooms_Booking_API_main:booked_rooms data : <QuerySet []>
2020-10-18 00:34:46,164:INFO:Rooms_Booking_API_main:Room is booked on requested datetime 
2020-10-18 00:35:26,623:INFO:Rooms_Booking_API_main:Initializing the Rooms Booking API service Main engine...
2020-10-18 00:35:54,031:INFO:Rooms_Booking_API_main:Initializing the Rooms Booking API service Main engine...
2020-10-18 00:36:01,613:INFO:Rooms_Booking_API_main:Initializing the Rooms Booking API service Main engine...
2020-10-18 00:36:11,607:INFO:Rooms_Booking_API_main:Initializing the Rooms Booking API service Main engine...
2020-10-18 00:36:15,603:INFO:Rooms_Booking_API_main:Initializing the Rooms Booking API service Main engine...
2020-10-18 00:36:24,449:INFO:Rooms_Booking_API_main:Initializing the Rooms Booking API service Main engine...
2020-10-18 00:49:04,092:INFO:Rooms_Booking_API_main:Initializing the Rooms Booking API service Main engine...
2020-10-18 00:54:02,540:INFO:Rooms_Booking_API_main:Initializing the Rooms Booking API service Main engine...
2020-10-18 00:54:14,049:INFO:Rooms_Booking_API_main:Calling home endpoint (GET) url by devuser
2020-10-18 00:54:26,977:INFO:Rooms_Booking_API_main:Calling rooms booking endpoint (POST) url by devuser
2020-10-18 00:54:26,978:INFO:Rooms_Booking_API_main:request data : <QueryDict: {'title': ['Meeting for checking-5-23'], 'room': ['5'], 'date': ['23-10-2020'], 'start': ['15:05'], 'end': ['15:15'], 'description': ['Meeting with CFO to discuss Apraisal'], 'members': ['[4,3]']}>
2020-10-18 00:54:26,987:INFO:Rooms_Booking_API_main:booked_rooms data : <QuerySet [<Booking: Meeting for checking-5-23>]>
2020-10-18 00:55:04,754:INFO:Rooms_Booking_API_main:Calling rooms booking endpoint (POST) url by devuser
2020-10-18 00:55:04,755:INFO:Rooms_Booking_API_main:request data : <QueryDict: {'title': ['Meeting for checking-5-23'], 'room': ['5'], 'date': ['23-10-2020'], 'start': ['16:05'], 'end': ['16:15'], 'description': ['Meeting with CFO to discuss Apraisal'], 'members': ['[4,3]']}>
2020-10-18 00:55:04,758:INFO:Rooms_Booking_API_main:booked_rooms data : <QuerySet []>
2020-10-18 00:55:29,941:INFO:Rooms_Booking_API_main:Calling rooms booking endpoint (POST) url by devuser
2020-10-18 00:55:29,943:INFO:Rooms_Booking_API_main:request data : <QueryDict: {'title': ['Meeting for checking-5-23'], 'room': ['5'], 'date': ['23-10-2020'], 'start': ['16:05'], 'end': ['16:15'], 'description': ['Meeting with CFO to discuss Apraisal'], 'members': ['[4,2]']}>
2020-10-18 00:55:29,945:INFO:Rooms_Booking_API_main:booked_rooms data : <QuerySet []>
2020-10-18 00:55:30,378:INFO:Rooms_Booking_API_main:Room is booked on requested datetime 
2020-10-18 00:57:26,626:INFO:Rooms_Booking_API_main:Initializing the Rooms Booking API service Main engine...
2020-10-18 00:59:31,247:INFO:Rooms_Booking_API_main:Initializing the Rooms Booking API service Main engine...
2020-10-18 00:59:43,038:INFO:Rooms_Booking_API_main:Calling home endpoint (GET) url by devuser
2020-10-18 01:00:01,454:INFO:Rooms_Booking_API_main:Calling rooms booking endpoint (POST) url by devuser
2020-10-18 01:00:01,456:INFO:Rooms_Booking_API_main:request data : <QueryDict: {'title': ['Meeting for checking-5-23'], 'room': ['5'], 'date': ['23-10-2020'], 'start': ['16:05'], 'end': ['16:15'], 'description': ['Meeting with CFO to discuss Apraisal'], 'members': ['[4,2]']}>
2020-10-18 01:00:01,463:INFO:Rooms_Booking_API_main:booked_rooms data : <QuerySet [<Booking: Meeting for checking-5-23>]>
2020-10-18 01:13:12,321:INFO:Rooms_Booking_API_main:Initializing the Rooms Booking API service Main engine...
2020-10-18 02:08:47,722:INFO:Rooms_Booking_API_main:Calling rooms booking endpoint (POST) url by devuser
2020-10-18 02:08:47,725:INFO:Rooms_Booking_API_main:request data : <QueryDict: {'title': ['Meeting for checking-5-23'], 'room': ['5'], 'date': ['23-10-2020'], 'start': ['17:05'], 'end': ['17:15'], 'description': ['Meeting with CFO to discuss Apraisal'], 'members': ['[4,2]']}>
2020-10-18 02:08:47,734:INFO:Rooms_Booking_API_main:booked_rooms data : <QuerySet []>
2020-10-18 02:08:48,112:INFO:Rooms_Booking_API_main:Room is booked on requested datetime 
2020-10-18 10:12:32,178:INFO:Rooms_Booking_API_main:Initializing the Rooms Booking API service Main engine...
2020-10-18 10:29:32,942:INFO:Rooms_Booking_API_main:Calling home endpoint (GET) url by devuser
2020-10-18 11:03:04,317:INFO:Rooms_Booking_API_main:Calling rooms booking endpoint (POST) url by devuser
2020-10-18 11:03:04,321:INFO:Rooms_Booking_API_main:request data : <QueryDict: {'title': ['Meeting for checking-5-23'], 'room': ['5'], 'date': ['23-10-2020'], 'start': ['17:05'], 'end': ['17:15'], 'description': ['Meeting with CFO to discuss Apraisal'], 'members': ['[4,2]']}>
2020-10-18 11:03:04,333:INFO:Rooms_Booking_API_main:booked_rooms data : <QuerySet [<Booking: Meeting for checking-5-23>]>
2020-10-18 11:03:32,935:INFO:Rooms_Booking_API_main:Calling rooms booking endpoint (POST) url by devuser
2020-10-18 11:03:32,935:INFO:Rooms_Booking_API_main:request data : <QueryDict: {'title': ['Meeting for checking-5-23'], 'room': ['5'], 'date': ['23-10-2020'], 'start': ['15:05'], 'end': ['15:15'], 'description': ['Meeting with CFO to discuss Apraisal'], 'members': ['[4,2]']}>
2020-10-18 11:03:32,939:INFO:Rooms_Booking_API_main:booked_rooms data : <QuerySet [<Booking: Meeting for checking-5-23>]>
2020-10-18 11:03:52,364:INFO:Rooms_Booking_API_main:Calling rooms booking endpoint (POST) url by devuser
2020-10-18 11:03:52,364:INFO:Rooms_Booking_API_main:request data : <QueryDict: {'title': ['Meeting for checking-5-23'], 'room': ['5'], 'date': ['23-10-2020'], 'start': ['18:15'], 'end': ['18:30'], 'description': ['Meeting with CFO to discuss Apraisal'], 'members': ['[4,2]']}>
2020-10-18 11:03:52,364:INFO:Rooms_Booking_API_main:booked_rooms data : <QuerySet []>
2020-10-18 11:03:52,612:INFO:Rooms_Booking_API_main:Room is booked on requested datetime 
2020-10-18 11:08:46,132:INFO:Rooms_Booking_API_main:Calling Free rooms check endpoint (GET) url by devuser
2020-10-18 11:08:46,136:INFO:Rooms_Booking_API_main:booked rooms list on mention datetime [2, 3]
2020-10-18 11:08:46,140:INFO:Rooms_Booking_API_main:All rooms list [1, 2, 3, 4, 5]
2020-10-18 11:08:46,140:INFO:Rooms_Booking_API_main:Free rooms list [1, 4, 5]
2020-10-18 11:08:46,140:INFO:Rooms_Booking_API_main:free_room_data <QuerySet [{'id': 1, 'name': 'Mercury', 'description': 'The small and hot room,  allocated for an interview, one to one meeting purpose'}, {'id': 4, 'name': 'Jupyter', 'description': 'Very Large size room, allocated for the conference, onsite discussions, team meetings'}, {'id': 5, 'name': 'Saturn', 'description': 'Large size room, allocated for meetings, discussion for leaders, chief officers'}]>
2020-10-18 11:25:13,267:INFO:Rooms_Booking_API_main:Initializing the Rooms Booking API service Main engine...
